#! /usr/bin/vvp
:ivl_version "11.0 (stable)";
:ivl_delay_selection "TYPICAL";
:vpi_time_precision + 0;
:vpi_module "/usr/lib/x86_64-linux-gnu/ivl/system.vpi";
:vpi_module "/usr/lib/x86_64-linux-gnu/ivl/vhdl_sys.vpi";
:vpi_module "/usr/lib/x86_64-linux-gnu/ivl/vhdl_textio.vpi";
:vpi_module "/usr/lib/x86_64-linux-gnu/ivl/v2005_math.vpi";
:vpi_module "/usr/lib/x86_64-linux-gnu/ivl/va_math.vpi";
:vpi_module "/usr/lib/x86_64-linux-gnu/ivl/v2009.vpi";
S_0x5c52fad008a0 .scope package, "$unit" "$unit" 2 1;
 .timescale 0 0;
S_0x5c52facf5f70 .scope module, "div_iterative" "div_iterative" 3 1;
 .timescale 0 0;
    .port_info 0 /INPUT 1 "clk";
    .port_info 1 /INPUT 1 "rst_n";
    .port_info 2 /INPUT 1 "valid_in";
    .port_info 3 /OUTPUT 1 "ready_out";
    .port_info 4 /INPUT 32 "dividend";
    .port_info 5 /INPUT 32 "divisor";
    .port_info 6 /OUTPUT 1 "valid_out";
    .port_info 7 /INPUT 1 "ready_in";
    .port_info 8 /OUTPUT 32 "quotient";
    .port_info 9 /OUTPUT 32 "remainder";
o0x78e160eba0d8 .functor BUFZ 1, C4<z>; HiZ drive
v0x5c52fad25200_0 .net "clk", 0 0, o0x78e160eba0d8;  0 drivers
o0x78e160eba5e8 .functor BUFZ 32, C4<zzzzzzzzzzzzzzzzzzzzzzzzzzzzzzzz>; HiZ drive
v0x5c52fad252c0_0 .net "dividend", 31 0, o0x78e160eba5e8;  0 drivers
o0x78e160eba618 .functor BUFZ 32, C4<zzzzzzzzzzzzzzzzzzzzzzzzzzzzzzzz>; HiZ drive
v0x5c52fad25380_0 .net "divisor", 31 0, o0x78e160eba618;  0 drivers
v0x5c52fad25420_0 .net "done", 0 0, L_0x5c52fad26730;  1 drivers
v0x5c52fad25510_0 .net "load", 0 0, L_0x5c52fad25ce0;  1 drivers
v0x5c52fad25650_0 .net "quotient", 31 0, L_0x5c52fad016c0;  1 drivers
o0x78e160eba198 .functor BUFZ 1, C4<z>; HiZ drive
v0x5c52fad256f0_0 .net "ready_in", 0 0, o0x78e160eba198;  0 drivers
v0x5c52fad25790_0 .net "ready_out", 0 0, L_0x5c52fad25f40;  1 drivers
v0x5c52fad25830_0 .net "remainder", 31 0, L_0x5c52fad268b0;  1 drivers
o0x78e160eba1f8 .functor BUFZ 1, C4<z>; HiZ drive
v0x5c52fad25900_0 .net "rst_n", 0 0, o0x78e160eba1f8;  0 drivers
v0x5c52fad259a0_0 .net "step", 0 0, L_0x5c52fad25e00;  1 drivers
o0x78e160eba288 .functor BUFZ 1, C4<z>; HiZ drive
v0x5c52fad25a90_0 .net "valid_in", 0 0, o0x78e160eba288;  0 drivers
v0x5c52fad25b30_0 .net "valid_out", 0 0, L_0x5c52fad26080;  1 drivers
S_0x5c52facf6100 .scope module, "ctrl" "div_control" 3 22, 4 1 0, S_0x5c52facf5f70;
 .timescale 0 0;
    .port_info 0 /INPUT 1 "clk";
    .port_info 1 /INPUT 1 "rst_n";
    .port_info 2 /INPUT 1 "valid_in";
    .port_info 3 /INPUT 1 "ready_in";
    .port_info 4 /INPUT 1 "done";
    .port_info 5 /OUTPUT 1 "load";
    .port_info 6 /OUTPUT 1 "step";
    .port_info 7 /OUTPUT 1 "ready_out";
    .port_info 8 /OUTPUT 1 "valid_out";
enum0x5c52facb0b80 .enum4 (2)
   "IDLE" 2'b00,
   "LOAD" 2'b01,
   "RUN" 2'b10,
   "DONE" 2'b11
 ;
L_0x78e160e71018 .functor BUFT 1, C4<01>, C4<0>, C4<0>, C4<0>;
v0x5c52fad04af0_0 .net/2u *"_ivl_0", 1 0, L_0x78e160e71018;  1 drivers
L_0x78e160e710f0 .functor BUFT 1, C4<11>, C4<0>, C4<0>, C4<0>;
v0x5c52fad04b90_0 .net/2u *"_ivl_12", 1 0, L_0x78e160e710f0;  1 drivers
L_0x78e160e71060 .functor BUFT 1, C4<10>, C4<0>, C4<0>, C4<0>;
v0x5c52fad230b0_0 .net/2u *"_ivl_4", 1 0, L_0x78e160e71060;  1 drivers
L_0x78e160e710a8 .functor BUFT 1, C4<00>, C4<0>, C4<0>, C4<0>;
v0x5c52fad23170_0 .net/2u *"_ivl_8", 1 0, L_0x78e160e710a8;  1 drivers
v0x5c52fad23250_0 .net "clk", 0 0, o0x78e160eba0d8;  alias, 0 drivers
v0x5c52fad23360_0 .net "done", 0 0, L_0x5c52fad26730;  alias, 1 drivers
v0x5c52fad23420_0 .net "load", 0 0, L_0x5c52fad25ce0;  alias, 1 drivers
v0x5c52fad234e0_0 .var "next_state", 1 0;
v0x5c52fad235c0_0 .net "ready_in", 0 0, o0x78e160eba198;  alias, 0 drivers
v0x5c52fad23680_0 .net "ready_out", 0 0, L_0x5c52fad25f40;  alias, 1 drivers
v0x5c52fad23740_0 .net "rst_n", 0 0, o0x78e160eba1f8;  alias, 0 drivers
v0x5c52fad23800_0 .var "state", 1 0;
v0x5c52fad238e0_0 .net "step", 0 0, L_0x5c52fad25e00;  alias, 1 drivers
v0x5c52fad239a0_0 .net "valid_in", 0 0, o0x78e160eba288;  alias, 0 drivers
v0x5c52fad23a60_0 .net "valid_out", 0 0, L_0x5c52fad26080;  alias, 1 drivers
E_0x5c52facb07b0 .event edge, v0x5c52fad23800_0, v0x5c52fad239a0_0, v0x5c52fad23360_0, v0x5c52fad235c0_0;
E_0x5c52face9e80/0 .event negedge, v0x5c52fad23740_0;
E_0x5c52face9e80/1 .event posedge, v0x5c52fad23250_0;
E_0x5c52face9e80 .event/or E_0x5c52face9e80/0, E_0x5c52face9e80/1;
L_0x5c52fad25ce0 .cmp/eq 2, v0x5c52fad23800_0, L_0x78e160e71018;
L_0x5c52fad25e00 .cmp/eq 2, v0x5c52fad23800_0, L_0x78e160e71060;
L_0x5c52fad25f40 .cmp/eq 2, v0x5c52fad23800_0, L_0x78e160e710a8;
L_0x5c52fad26080 .cmp/eq 2, v0x5c52fad23800_0, L_0x78e160e710f0;
S_0x5c52fad23c40 .scope module, "data" "div_datapath" 3 34, 5 1 0, S_0x5c52facf5f70;
 .timescale 0 0;
    .port_info 0 /INPUT 1 "clk";
    .port_info 1 /INPUT 1 "rst_n";
    .port_info 2 /INPUT 1 "load";
    .port_info 3 /INPUT 1 "step";
    .port_info 4 /INPUT 32 "dividend";
    .port_info 5 /INPUT 32 "divisor";
    .port_info 6 /OUTPUT 1 "done";
    .port_info 7 /OUTPUT 32 "quotient";
    .port_info 8 /OUTPUT 32 "remainder";
L_0x5c52fad016c0 .functor BUFZ 32, v0x5c52fad24a90_0, C4<00000000000000000000000000000000>, C4<00000000000000000000000000000000>, C4<00000000000000000000000000000000>;
v0x5c52fad23f20_0 .net *"_ivl_1", 31 0, L_0x5c52fad261a0;  1 drivers
L_0x78e160e71180 .functor BUFT 1, C4<011111>, C4<0>, C4<0>, C4<0>;
v0x5c52fad24000_0 .net/2u *"_ivl_12", 5 0, L_0x78e160e71180;  1 drivers
v0x5c52fad240e0_0 .net *"_ivl_3", 0 0, L_0x5c52fad26240;  1 drivers
L_0x78e160e71138 .functor BUFT 1, C4<0>, C4<0>, C4<0>, C4<0>;
v0x5c52fad241a0_0 .net/2u *"_ivl_6", 0 0, L_0x78e160e71138;  1 drivers
v0x5c52fad24280_0 .net *"_ivl_8", 32 0, L_0x5c52fad264d0;  1 drivers
v0x5c52fad243b0_0 .net "clk", 0 0, o0x78e160eba0d8;  alias, 0 drivers
v0x5c52fad24450_0 .var "count", 5 0;
v0x5c52fad24510_0 .net/s "diff", 32 0, L_0x5c52fad265f0;  1 drivers
v0x5c52fad245f0_0 .net "dividend", 31 0, o0x78e160eba5e8;  alias, 0 drivers
v0x5c52fad246d0_0 .net "divisor", 31 0, o0x78e160eba618;  alias, 0 drivers
v0x5c52fad247b0_0 .var "divs", 31 0;
v0x5c52fad24890_0 .net "done", 0 0, L_0x5c52fad26730;  alias, 1 drivers
v0x5c52fad24930_0 .var "dvd", 31 0;
v0x5c52fad249f0_0 .net "load", 0 0, L_0x5c52fad25ce0;  alias, 1 drivers
v0x5c52fad24a90_0 .var "quot", 31 0;
v0x5c52fad24b50_0 .net "quotient", 31 0, L_0x5c52fad016c0;  alias, 1 drivers
v0x5c52fad24c30_0 .var/s "rem", 32 0;
v0x5c52fad24e20_0 .net/s "rem_shifted", 32 0, L_0x5c52fad26310;  1 drivers
v0x5c52fad24f00_0 .net "remainder", 31 0, L_0x5c52fad268b0;  alias, 1 drivers
v0x5c52fad24fe0_0 .net "rst_n", 0 0, o0x78e160eba1f8;  alias, 0 drivers
v0x5c52fad25080_0 .net "step", 0 0, L_0x5c52fad25e00;  alias, 1 drivers
L_0x5c52fad261a0 .part v0x5c52fad24c30_0, 0, 32;
L_0x5c52fad26240 .part v0x5c52fad24930_0, 31, 1;
L_0x5c52fad26310 .concat [ 1 32 0 0], L_0x5c52fad26240, L_0x5c52fad261a0;
L_0x5c52fad264d0 .concat [ 32 1 0 0], v0x5c52fad247b0_0, L_0x78e160e71138;
L_0x5c52fad265f0 .arith/sub 33, L_0x5c52fad26310, L_0x5c52fad264d0;
L_0x5c52fad26730 .cmp/eq 6, v0x5c52fad24450_0, L_0x78e160e71180;
L_0x5c52fad268b0 .part v0x5c52fad24c30_0, 0, 32;
    .scope S_0x5c52facf6100;
T_0 ;
    %wait E_0x5c52face9e80;
    %load/vec4 v0x5c52fad23740_0;
    %nor/r;
    %flag_set/vec4 8;
    %jmp/0xz  T_0.0, 8;
    %pushi/vec4 0, 0, 2;
    %assign/vec4 v0x5c52fad23800_0, 0;
    %jmp T_0.1;
T_0.0 ;
    %load/vec4 v0x5c52fad234e0_0;
    %assign/vec4 v0x5c52fad23800_0, 0;
T_0.1 ;
    %jmp T_0;
    .thread T_0;
    .scope S_0x5c52facf6100;
T_1 ;
Ewait_0 .event/or E_0x5c52facb07b0, E_0x0;
    %wait Ewait_0;
    %load/vec4 v0x5c52fad23800_0;
    %store/vec4 v0x5c52fad234e0_0, 0, 2;
    %load/vec4 v0x5c52fad23800_0;
    %dup/vec4;
    %pushi/vec4 0, 0, 2;
    %cmp/u;
    %jmp/1 T_1.0, 6;
    %dup/vec4;
    %pushi/vec4 1, 0, 2;
    %cmp/u;
    %jmp/1 T_1.1, 6;
    %dup/vec4;
    %pushi/vec4 2, 0, 2;
    %cmp/u;
    %jmp/1 T_1.2, 6;
    %dup/vec4;
    %pushi/vec4 3, 0, 2;
    %cmp/u;
    %jmp/1 T_1.3, 6;
    %pushi/vec4 0, 0, 2;
    %store/vec4 v0x5c52fad234e0_0, 0, 2;
    %jmp T_1.5;
T_1.0 ;
    %load/vec4 v0x5c52fad239a0_0;
    %flag_set/vec4 8;
    %jmp/0xz  T_1.6, 8;
    %pushi/vec4 1, 0, 2;
    %store/vec4 v0x5c52fad234e0_0, 0, 2;
T_1.6 ;
    %jmp T_1.5;
T_1.1 ;
    %pushi/vec4 2, 0, 2;
    %store/vec4 v0x5c52fad234e0_0, 0, 2;
    %jmp T_1.5;
T_1.2 ;
    %load/vec4 v0x5c52fad23360_0;
    %flag_set/vec4 8;
    %jmp/0xz  T_1.8, 8;
    %pushi/vec4 3, 0, 2;
    %store/vec4 v0x5c52fad234e0_0, 0, 2;
T_1.8 ;
    %jmp T_1.5;
T_1.3 ;
    %load/vec4 v0x5c52fad235c0_0;
    %flag_set/vec4 8;
    %jmp/0xz  T_1.10, 8;
    %pushi/vec4 0, 0, 2;
    %store/vec4 v0x5c52fad234e0_0, 0, 2;
T_1.10 ;
    %jmp T_1.5;
T_1.5 ;
    %pop/vec4 1;
    %jmp T_1;
    .thread T_1, $push;
    .scope S_0x5c52fad23c40;
T_2 ;
    %wait E_0x5c52face9e80;
    %load/vec4 v0x5c52fad24fe0_0;
    %nor/r;
    %flag_set/vec4 8;
    %jmp/0xz  T_2.0, 8;
    %pushi/vec4 0, 0, 32;
    %assign/vec4 v0x5c52fad247b0_0, 0;
    %pushi/vec4 0, 0, 32;
    %assign/vec4 v0x5c52fad24930_0, 0;
    %pushi/vec4 0, 0, 32;
    %assign/vec4 v0x5c52fad24a90_0, 0;
    %pushi/vec4 0, 0, 33;
    %assign/vec4 v0x5c52fad24c30_0, 0;
    %pushi/vec4 0, 0, 6;
    %assign/vec4 v0x5c52fad24450_0, 0;
    %jmp T_2.1;
T_2.0 ;
    %load/vec4 v0x5c52fad249f0_0;
    %flag_set/vec4 8;
    %jmp/0xz  T_2.2, 8;
    %load/vec4 v0x5c52fad246d0_0;
    %assign/vec4 v0x5c52fad247b0_0, 0;
    %load/vec4 v0x5c52fad245f0_0;
    %assign/vec4 v0x5c52fad24930_0, 0;
    %pushi/vec4 0, 0, 32;
    %assign/vec4 v0x5c52fad24a90_0, 0;
    %pushi/vec4 0, 0, 33;
    %assign/vec4 v0x5c52fad24c30_0, 0;
    %pushi/vec4 0, 0, 6;
    %assign/vec4 v0x5c52fad24450_0, 0;
    %jmp T_2.3;
T_2.2 ;
    %load/vec4 v0x5c52fad25080_0;
    %flag_set/vec4 8;
    %jmp/0xz  T_2.4, 8;
    %load/vec4 v0x5c52fad24930_0;
    %ix/load 4, 1, 0;
    %flag_set/imm 4, 0;
    %shiftl 4;
    %assign/vec4 v0x5c52fad24930_0, 0;
    %load/vec4 v0x5c52fad24510_0;
    %cmpi/s 0, 0, 33;
    %flag_inv 5; GE is !LT
    %jmp/0xz  T_2.6, 5;
    %load/vec4 v0x5c52fad24510_0;
    %assign/vec4 v0x5c52fad24c30_0, 0;
    %load/vec4 v0x5c52fad24a90_0;
    %parti/s 31, 0, 2;
    %concati/vec4 1, 0, 1;
    %assign/vec4 v0x5c52fad24a90_0, 0;
    %jmp T_2.7;
T_2.6 ;
    %load/vec4 v0x5c52fad24e20_0;
    %assign/vec4 v0x5c52fad24c30_0, 0;
    %load/vec4 v0x5c52fad24a90_0;
    %parti/s 31, 0, 2;
    %concati/vec4 0, 0, 1;
    %assign/vec4 v0x5c52fad24a90_0, 0;
T_2.7 ;
    %load/vec4 v0x5c52fad24450_0;
    %addi 1, 0, 6;
    %assign/vec4 v0x5c52fad24450_0, 0;
T_2.4 ;
T_2.3 ;
T_2.1 ;
    %jmp T_2;
    .thread T_2;
# The file index is used to find the file name in the following table.
:file_names 6;
    "N/A";
    "<interactive>";
    "-";
    "div_iterative.v";
    "div_control.v";
    "div_datapath.v";
